10/8/13 5:09:42 PM - 10: org.apache.uima.adapter.jms.service.UIMA_Service.initialize(68): INFO: UIMA-AS version 2.4.0
10/8/13 5:09:44 PM - 10: org.apache.uima.aae.controller.BaseAnalysisEngineController.logPlatformInfo: INFO: 
+------------------------------------------------------------------
                   Starting UIMA AS Service - PID: 4128
+------------------------------------------------------------------
+ Service Name:hw2-chenw1-aae
+ Service Queue Name:hw3chenw1NLPQueue
+ Service Start Time:08 Oct 2013 17:09:42 
+ UIMA AS Version:2.4.0
+ UIMA Core Version:2.4.0
+ OS Name:Linux
+ OS Version:3.5.0-41-generic
+ OS Architecture:i386
+ OS CPU Count:4
+ JVM Vendor:Sun Microsystems Inc.
+ JVM Name:Java HotSpot(TM) Server VM
+ JVM Version:20.45-b01
+ JVM Input Args:[-DVNS_HOST=localhost, -DVNS_PORT=9000, -Duima.home=/home/yicaoyimu/Downloads/tmp/apache-uima-as-2.4.0/, -Duima.datapath=, -Djava.util.logging.config.file=/home/yicaoyimu/Downloads/tmp/apache-uima-as-2.4.0//config/Logger.properties, -Duima.tools.cvd.manpath.notset, -Xms128M, -Xmx800M, -Dlog4j.configuration=file:/home/yicaoyimu/Downloads/tmp/apache-uima-as-2.4.0//as_config/uimaAsLog4j.properties, -DUimaBootstrapSuppressClassPathDisplay, -Dorg.apache.uima.jarpath=/home/yicaoyimu/13FALL/11791/hw3/hw3-chenw1/src/main/java/:/home/yicaoyimu/13FALL/11791/hw3/hw3-chenw1/src/main/resources/:/home/yicaoyimu/Downloads/tmp/apache-uima-as-2.4.0//examples/resources:/home/yicaoyimu/Downloads/tmp/apache-uima-as-2.4.0//lib::/home/yicaoyimu/Downloads/tmp/apache-uima-as-2.4.0//lib/xmlbeans:/home/yicaoyimu/Downloads/tmp/apache-uima-as-2.4.0//apache-activemq-5.4.1:/home/yicaoyimu/Downloads/tmp/apache-uima-as-2.4.0//apache-activemq-5.4.1/lib:/home/yicaoyimu/Downloads/tmp/apache-uima-as-2.4.0//apache-activemq-5.4.1/lib/optional:]
+ JVM Classpath:/home/yicaoyimu/Downloads/tmp/apache-uima-as-2.4.0//lib/uimaj-bootstrap.jar
+ JVM Loaded Jars:/home/yicaoyimu/Downloads/tmp/apache-uima-as-2.4.0/lib/uimaj-bootstrap.jar:/home/yicaoyimu/13FALL/11791/hw3/hw3-chenw1/src/main/java/:/home/yicaoyimu/13FALL/11791/hw3/hw3-chenw1/src/main/resources/:/home/yicaoyimu/Downloads/tmp/apache-uima-as-2.4.0/examples/resources/:/home/yicaoyimu/Downloads/tmp/apache-uima-as-2.4.0/lib/uima-adapter-vinci.jar:/home/yicaoyimu/Downloads/tmp/apache-uima-as-2.4.0/lib/uima-document-annotation.jar:/home/yicaoyimu/Downloads/tmp/apache-uima-as-2.4.0/lib/uimaj-as-activemq.jar:/home/yicaoyimu/Downloads/tmp/apache-uima-as-2.4.0/lib/uima-tools.jar:/home/yicaoyimu/Downloads/tmp/apache-uima-as-2.4.0/lib/uimaj-as-jms.jar:/home/yicaoyimu/Downloads/tmp/apache-uima-as-2.4.0/lib/uima-adapter-soap.jar:/home/yicaoyimu/Downloads/tmp/apache-uima-as-2.4.0/lib/uimaj-as-camel.jar:/home/yicaoyimu/Downloads/tmp/apache-uima-as-2.4.0/lib/uima-core.jar:/home/yicaoyimu/Downloads/tmp/apache-uima-as-2.4.0/lib/uima-cpe.jar:/home/yicaoyimu/Downloads/tmp/apache-uima-as-2.4.0/lib/jVinci.jar:/home/yicaoyimu/Downloads/tmp/apache-uima-as-2.4.0/lib/uimaj-as-core.jar:/home/yicaoyimu/Downloads/tmp/apache-uima-as-2.4.0/lib/uima-examples.jar:/home/yicaoyimu/Downloads/tmp/apache-uima-as-2.4.0/lib/xmlbeans.jar:/home/yicaoyimu/Downloads/tmp/apache-uima-as-2.4.0/apache-activemq-5.4.1/activemq-all-5.4.1.jar:/home/yicaoyimu/Downloads/tmp/apache-uima-as-2.4.0/apache-activemq-5.4.1/lib/activemq-camel-5.4.1.jar:/home/yicaoyimu/Downloads/tmp/apache-uima-as-2.4.0/apache-activemq-5.4.1/lib/activemq-optional-5.4.1.jar:/home/yicaoyimu/Downloads/tmp/apache-uima-as-2.4.0/apache-activemq-5.4.1/lib/spring-jms-3.0.3.RELEASE.jar:/home/yicaoyimu/Downloads/tmp/apache-uima-as-2.4.0/apache-activemq-5.4.1/lib/xbean-spring-3.7.jar:/home/yicaoyimu/Downloads/tmp/apache-uima-as-2.4.0/apache-activemq-5.4.1/lib/spring-core-3.0.3.RELEASE.jar:/home/yicaoyimu/Downloads/tmp/apache-uima-as-2.4.0/apache-activemq-5.4.1/lib/geronimo-j2ee-management_1.1_spec-1.0.1.jar:/home/yicaoyimu/Downloads/tmp/apache-uima-as-2.4.0/apache-activemq-5.4.1/lib/activemq-core-5.4.1.jar:/home/yicaoyimu/Downloads/tmp/apache-uima-as-2.4.0/apache-activemq-5.4.1/lib/activemq-console-5.4.1.jar:/home/yicaoyimu/Downloads/tmp/apache-uima-as-2.4.0/apache-activemq-5.4.1/lib/activemq-spring-5.4.1.jar:/home/yicaoyimu/Downloads/tmp/apache-uima-as-2.4.0/apache-activemq-5.4.1/lib/spring-asm-3.0.3.RELEASE.jar:/home/yicaoyimu/Downloads/tmp/apache-uima-as-2.4.0/apache-activemq-5.4.1/lib/spring-expression-3.0.3.RELEASE.jar:/home/yicaoyimu/Downloads/tmp/apache-uima-as-2.4.0/apache-activemq-5.4.1/lib/spring-aop-3.0.3.RELEASE.jar:/home/yicaoyimu/Downloads/tmp/apache-uima-as-2.4.0/apache-activemq-5.4.1/lib/spring-tx-3.0.3.RELEASE.jar:/home/yicaoyimu/Downloads/tmp/apache-uima-as-2.4.0/apache-activemq-5.4.1/lib/geronimo-jms_1.1_spec-1.1.jar:/home/yicaoyimu/Downloads/tmp/apache-uima-as-2.4.0/apache-activemq-5.4.1/lib/kahadb-5.4.1.jar:/home/yicaoyimu/Downloads/tmp/apache-uima-as-2.4.0/apache-activemq-5.4.1/lib/spring-context-3.0.3.RELEASE.jar:/home/yicaoyimu/Downloads/tmp/apache-uima-as-2.4.0/apache-activemq-5.4.1/lib/spring-beans-3.0.3.RELEASE.jar:/home/yicaoyimu/Downloads/tmp/apache-uima-as-2.4.0/apache-activemq-5.4.1/lib/commons-logging-1.1.1.jar:/home/yicaoyimu/Downloads/tmp/apache-uima-as-2.4.0/apache-activemq-5.4.1/lib/optional/geronimo-servlet_2.5_spec-1.2.jar:/home/yicaoyimu/Downloads/tmp/apache-uima-as-2.4.0/apache-activemq-5.4.1/lib/optional/xmlpull-1.1.3.4d_b4_min.jar:/home/yicaoyimu/Downloads/tmp/apache-uima-as-2.4.0/apache-activemq-5.4.1/lib/optional/jetty-all-server-7.0.1.v20091125.jar:/home/yicaoyimu/Downloads/tmp/apache-uima-as-2.4.0/apache-activemq-5.4.1/lib/optional/commons-httpclient-3.1.jar:/home/yicaoyimu/Downloads/tmp/apache-uima-as-2.4.0/apache-activemq-5.4.1/lib/optional/commons-codec-1.2.jar:/home/yicaoyimu/Downloads/tmp/apache-uima-as-2.4.0/apache-activemq-5.4.1/lib/optional/log4j-1.2.14.jar:/home/yicaoyimu/Downloads/tmp/apache-uima-as-2.4.0/apache-activemq-5.4.1/lib/optional/xstream-1.3.1.jar:
+ JVM LIB_PATH:/usr/bin/jdk1.6.0_45/jre/lib/i386/server:/usr/bin/jdk1.6.0_45/jre/lib/i386:/usr/bin/jdk1.6.0_45/jre/../lib/i386:/home/yicaoyimu/Downloads/tmp/apache-uima-as-2.4.0//uimacpp/lib:/home/yicaoyimu/Downloads/tmp/apache-uima-as-2.4.0//uimacpp/examples/tutorial/src::/usr/java/packages/lib/i386:/lib:/usr/lib
+------------------------------------------------------------------ 
10/8/13 5:09:44 PM - 10: org.apache.uima.adapter.jms.activemq.JmsInputChannel.setEndpointName: INFO: top_level_input_queue_service_1 Service Starting - Listening for Messages 
10/8/13 5:09:44 PM - 10: org.apache.uima.adapter.jms.activemq.SpringContainerDeployer.waitForServiceNotification: INFO: Uima EE Client Blocking - Awaiting Top Level Controller Initialization Notification
10/8/13 5:09:44 PM - 11: org.apache.uima.aae.UimaAsThreadFactory$1.UimaAsThreadFactory.run(): INFO: Controller: hw2-chenw1-aae Initializing AE instance on Thread Id: 11
10/8/13 5:09:44 PM - 11: org.apache.uima.aae.controller.PrimitiveAnalysisEngineController_impl.initializeAnalysisEngine: WARNING: Service: hw2-chenw1-aae Runtime Exception  
10/8/13 5:09:44 PM - 11: org.apache.uima.aae.controller.PrimitiveAnalysisEngineController_impl.initializeAnalysisEngine: WARNING: 
org.apache.uima.resource.ResourceInitializationException: An import could not be resolved.  No .xml file with name "org.cleartk.ne.type.NamedEntity" was found in the class path or data path. (Descriptor: file:/home/yicaoyimu/13FALL/11791/hw3/hw3-chenw1/src/main/resources/descriptors/AnnotationAnnotator.xml)
	at org.apache.uima.analysis_engine.impl.AggregateAnalysisEngine_impl.initialize(AggregateAnalysisEngine_impl.java:159)
	at org.apache.uima.impl.AnalysisEngineFactory_impl.produceResource(AnalysisEngineFactory_impl.java:94)
	at org.apache.uima.impl.CompositeResourceFactory_impl.produceResource(CompositeResourceFactory_impl.java:62)
	at org.apache.uima.UIMAFramework.produceResource(UIMAFramework.java:269)
	at org.apache.uima.UIMAFramework.produceAnalysisEngine(UIMAFramework.java:387)
	at org.apache.uima.aae.controller.PrimitiveAnalysisEngineController_impl.initializeAnalysisEngine(PrimitiveAnalysisEngineController_impl.java:186)
	at org.apache.uima.aae.UimaAsThreadFactory$1.run(UimaAsThreadFactory.java:114)
	at java.lang.Thread.run(Thread.java:662)
Caused by: org.apache.uima.util.InvalidXMLException: An import could not be resolved.  No .xml file with name "org.cleartk.ne.type.NamedEntity" was found in the class path or data path. (Descriptor: file:/home/yicaoyimu/13FALL/11791/hw3/hw3-chenw1/src/main/resources/descriptors/AnnotationAnnotator.xml)
	at org.apache.uima.resource.metadata.impl.Import_impl.findAbsoluteUrl(Import_impl.java:107)
	at org.apache.uima.resource.metadata.impl.TypeSystemDescription_impl.resolveImports(TypeSystemDescription_impl.java:225)
	at org.apache.uima.resource.metadata.impl.TypeSystemDescription_impl.resolveImports(TypeSystemDescription_impl.java:207)
	at org.apache.uima.analysis_engine.metadata.impl.AnalysisEngineMetaData_impl.resolveImports(AnalysisEngineMetaData_impl.java:87)
	at org.apache.uima.analysis_engine.impl.AnalysisEngineDescription_impl.resolveImports(AnalysisEngineDescription_impl.java:741)
	at org.apache.uima.analysis_engine.impl.AnalysisEngineDescription_impl.resolveDelegateAnalysisEngineImports(AnalysisEngineDescription_impl.java:827)
	at org.apache.uima.analysis_engine.impl.AnalysisEngineDescription_impl.resolveDelegateAnalysisEngineImports(AnalysisEngineDescription_impl.java:765)
	at org.apache.uima.analysis_engine.impl.AnalysisEngineDescription_impl.getDelegateAnalysisEngineSpecifiers(AnalysisEngineDescription_impl.java:193)
	at org.apache.uima.analysis_engine.impl.AggregateAnalysisEngine_impl.initialize(AggregateAnalysisEngine_impl.java:147)
	... 7 more

10/8/13 5:09:44 PM - 11: org.apache.uima.adapter.jms.activemq.SpringContainerDeployer.notifyOnInitializationFailure: WARNING: Top Level Controller Initialization Exception.
org.apache.uima.resource.ResourceInitializationException: An import could not be resolved.  No .xml file with name "org.cleartk.ne.type.NamedEntity" was found in the class path or data path. (Descriptor: file:/home/yicaoyimu/13FALL/11791/hw3/hw3-chenw1/src/main/resources/descriptors/AnnotationAnnotator.xml)
	at org.apache.uima.analysis_engine.impl.AggregateAnalysisEngine_impl.initialize(AggregateAnalysisEngine_impl.java:159)
	at org.apache.uima.impl.AnalysisEngineFactory_impl.produceResource(AnalysisEngineFactory_impl.java:94)
	at org.apache.uima.impl.CompositeResourceFactory_impl.produceResource(CompositeResourceFactory_impl.java:62)
	at org.apache.uima.UIMAFramework.produceResource(UIMAFramework.java:269)
	at org.apache.uima.UIMAFramework.produceAnalysisEngine(UIMAFramework.java:387)
	at org.apache.uima.aae.controller.PrimitiveAnalysisEngineController_impl.initializeAnalysisEngine(PrimitiveAnalysisEngineController_impl.java:186)
	at org.apache.uima.aae.UimaAsThreadFactory$1.run(UimaAsThreadFactory.java:114)
	at java.lang.Thread.run(Thread.java:662)
Caused by: org.apache.uima.util.InvalidXMLException: An import could not be resolved.  No .xml file with name "org.cleartk.ne.type.NamedEntity" was found in the class path or data path. (Descriptor: file:/home/yicaoyimu/13FALL/11791/hw3/hw3-chenw1/src/main/resources/descriptors/AnnotationAnnotator.xml)
	at org.apache.uima.resource.metadata.impl.Import_impl.findAbsoluteUrl(Import_impl.java:107)
	at org.apache.uima.resource.metadata.impl.TypeSystemDescription_impl.resolveImports(TypeSystemDescription_impl.java:225)
	at org.apache.uima.resource.metadata.impl.TypeSystemDescription_impl.resolveImports(TypeSystemDescription_impl.java:207)
	at org.apache.uima.analysis_engine.metadata.impl.AnalysisEngineMetaData_impl.resolveImports(AnalysisEngineMetaData_impl.java:87)
	at org.apache.uima.analysis_engine.impl.AnalysisEngineDescription_impl.resolveImports(AnalysisEngineDescription_impl.java:741)
	at org.apache.uima.analysis_engine.impl.AnalysisEngineDescription_impl.resolveDelegateAnalysisEngineImports(AnalysisEngineDescription_impl.java:827)
	at org.apache.uima.analysis_engine.impl.AnalysisEngineDescription_impl.resolveDelegateAnalysisEngineImports(AnalysisEngineDescription_impl.java:765)
	at org.apache.uima.analysis_engine.impl.AnalysisEngineDescription_impl.getDelegateAnalysisEngineSpecifiers(AnalysisEngineDescription_impl.java:193)
	at org.apache.uima.analysis_engine.impl.AggregateAnalysisEngine_impl.initialize(AggregateAnalysisEngine_impl.java:147)
	... 7 more

10/8/13 5:09:44 PM - 11: org.apache.uima.adapter.jms.activemq.SpringContainerDeployer.notifyOnInitializationFailure: WARNING: Top Level Controller Initialization Exception.
org.apache.uima.resource.ResourceInitializationException: An import could not be resolved.  No .xml file with name "org.cleartk.ne.type.NamedEntity" was found in the class path or data path. (Descriptor: file:/home/yicaoyimu/13FALL/11791/hw3/hw3-chenw1/src/main/resources/descriptors/AnnotationAnnotator.xml)
	at org.apache.uima.analysis_engine.impl.AggregateAnalysisEngine_impl.initialize(AggregateAnalysisEngine_impl.java:159)
	at org.apache.uima.impl.AnalysisEngineFactory_impl.produceResource(AnalysisEngineFactory_impl.java:94)
	at org.apache.uima.impl.CompositeResourceFactory_impl.produceResource(CompositeResourceFactory_impl.java:62)
	at org.apache.uima.UIMAFramework.produceResource(UIMAFramework.java:269)
	at org.apache.uima.UIMAFramework.produceAnalysisEngine(UIMAFramework.java:387)
	at org.apache.uima.aae.controller.PrimitiveAnalysisEngineController_impl.initializeAnalysisEngine(PrimitiveAnalysisEngineController_impl.java:186)
	at org.apache.uima.aae.UimaAsThreadFactory$1.run(UimaAsThreadFactory.java:114)
	at java.lang.Thread.run(Thread.java:662)
Caused by: org.apache.uima.util.InvalidXMLException: An import could not be resolved.  No .xml file with name "org.cleartk.ne.type.NamedEntity" was found in the class path or data path. (Descriptor: file:/home/yicaoyimu/13FALL/11791/hw3/hw3-chenw1/src/main/resources/descriptors/AnnotationAnnotator.xml)
	at org.apache.uima.resource.metadata.impl.Import_impl.findAbsoluteUrl(Import_impl.java:107)
	at org.apache.uima.resource.metadata.impl.TypeSystemDescription_impl.resolveImports(TypeSystemDescription_impl.java:225)
	at org.apache.uima.resource.metadata.impl.TypeSystemDescription_impl.resolveImports(TypeSystemDescription_impl.java:207)
	at org.apache.uima.analysis_engine.metadata.impl.AnalysisEngineMetaData_impl.resolveImports(AnalysisEngineMetaData_impl.java:87)
	at org.apache.uima.analysis_engine.impl.AnalysisEngineDescription_impl.resolveImports(AnalysisEngineDescription_impl.java:741)
	at org.apache.uima.analysis_engine.impl.AnalysisEngineDescription_impl.resolveDelegateAnalysisEngineImports(AnalysisEngineDescription_impl.java:827)
	at org.apache.uima.analysis_engine.impl.AnalysisEngineDescription_impl.resolveDelegateAnalysisEngineImports(AnalysisEngineDescription_impl.java:765)
	at org.apache.uima.analysis_engine.impl.AnalysisEngineDescription_impl.getDelegateAnalysisEngineSpecifiers(AnalysisEngineDescription_impl.java:193)
	at org.apache.uima.analysis_engine.impl.AggregateAnalysisEngine_impl.initialize(AggregateAnalysisEngine_impl.java:147)
	... 7 more

10/8/13 5:09:44 PM - 10: org.apache.uima.adapter.jms.activemq.SpringContainerDeployer.initializeContainer: WARNING: 
org.apache.uima.resource.ResourceInitializationException: An import could not be resolved.  No .xml file with name "org.cleartk.ne.type.NamedEntity" was found in the class path or data path. (Descriptor: file:/home/yicaoyimu/13FALL/11791/hw3/hw3-chenw1/src/main/resources/descriptors/AnnotationAnnotator.xml)
	at org.apache.uima.adapter.jms.activemq.SpringContainerDeployer.waitForServiceNotification(SpringContainerDeployer.java:516)
	at org.apache.uima.adapter.jms.activemq.SpringContainerDeployer.initializeContainer(SpringContainerDeployer.java:301)
	at org.apache.uima.adapter.jms.activemq.SpringContainerDeployer.deploy(SpringContainerDeployer.java:461)
	at org.apache.uima.adapter.jms.service.UIMA_Service.deploy(UIMA_Service.java:168)
	at org.apache.uima.adapter.jms.service.UIMA_Service.main(UIMA_Service.java:414)
	at sun.reflect.NativeMethodAccessorImpl.invoke0(Native Method)
	at sun.reflect.NativeMethodAccessorImpl.invoke(NativeMethodAccessorImpl.java:39)
	at sun.reflect.DelegatingMethodAccessorImpl.invoke(DelegatingMethodAccessorImpl.java:25)
	at java.lang.reflect.Method.invoke(Method.java:597)
	at org.apache.uima.bootstrap.UimaBootstrap.main(UimaBootstrap.java:98)
Caused by: org.apache.uima.resource.ResourceInitializationException: An import could not be resolved.  No .xml file with name "org.cleartk.ne.type.NamedEntity" was found in the class path or data path. (Descriptor: file:/home/yicaoyimu/13FALL/11791/hw3/hw3-chenw1/src/main/resources/descriptors/AnnotationAnnotator.xml)
	at org.apache.uima.analysis_engine.impl.AggregateAnalysisEngine_impl.initialize(AggregateAnalysisEngine_impl.java:159)
	at org.apache.uima.impl.AnalysisEngineFactory_impl.produceResource(AnalysisEngineFactory_impl.java:94)
	at org.apache.uima.impl.CompositeResourceFactory_impl.produceResource(CompositeResourceFactory_impl.java:62)
	at org.apache.uima.UIMAFramework.produceResource(UIMAFramework.java:269)
	at org.apache.uima.UIMAFramework.produceAnalysisEngine(UIMAFramework.java:387)
	at org.apache.uima.aae.controller.PrimitiveAnalysisEngineController_impl.initializeAnalysisEngine(PrimitiveAnalysisEngineController_impl.java:186)
	at org.apache.uima.aae.UimaAsThreadFactory$1.run(UimaAsThreadFactory.java:114)
	at java.lang.Thread.run(Thread.java:662)
Caused by: org.apache.uima.util.InvalidXMLException: An import could not be resolved.  No .xml file with name "org.cleartk.ne.type.NamedEntity" was found in the class path or data path. (Descriptor: file:/home/yicaoyimu/13FALL/11791/hw3/hw3-chenw1/src/main/resources/descriptors/AnnotationAnnotator.xml)
	at org.apache.uima.resource.metadata.impl.Import_impl.findAbsoluteUrl(Import_impl.java:107)
	at org.apache.uima.resource.metadata.impl.TypeSystemDescription_impl.resolveImports(TypeSystemDescription_impl.java:225)
	at org.apache.uima.resource.metadata.impl.TypeSystemDescription_impl.resolveImports(TypeSystemDescription_impl.java:207)
	at org.apache.uima.analysis_engine.metadata.impl.AnalysisEngineMetaData_impl.resolveImports(AnalysisEngineMetaData_impl.java:87)
	at org.apache.uima.analysis_engine.impl.AnalysisEngineDescription_impl.resolveImports(AnalysisEngineDescription_impl.java:741)
	at org.apache.uima.analysis_engine.impl.AnalysisEngineDescription_impl.resolveDelegateAnalysisEngineImports(AnalysisEngineDescription_impl.java:827)
	at org.apache.uima.analysis_engine.impl.AnalysisEngineDescription_impl.resolveDelegateAnalysisEngineImports(AnalysisEngineDescription_impl.java:765)
	at org.apache.uima.analysis_engine.impl.AnalysisEngineDescription_impl.getDelegateAnalysisEngineSpecifiers(AnalysisEngineDescription_impl.java:193)
	at org.apache.uima.analysis_engine.impl.AggregateAnalysisEngine_impl.initialize(AggregateAnalysisEngine_impl.java:147)
	... 7 more

10/8/13 5:09:44 PM - 11: org.apache.uima.aae.UimaAsThreadFactory$1.UimaAsThreadFactory.run(): INFO: Controller: hw2-chenw1-aae --------------- Process Thread ID:11 EXITING
10/8/13 5:09:44 PM - 10: org.apache.uima.aae.controller.PrimitiveAnalysisEngineController_impl.terminate: INFO: Controller: hw2-chenw1-aae Received Terminate Event
10/8/13 5:09:44 PM - 11: org.apache.uima.aae.UimaAsThreadFactory$1.UimaAsThreadFactory.run(): INFO: Controller: hw2-chenw1-aae --------------- AE destroy() Method Call Returned ID:11
10/8/13 5:09:44 PM - 10: org.apache.uima.adapter.jms.activemq.JmsInputChannel.stopChannel: INFO: Stopping Service JMS Transport. Service: hw3chenw1NLPQueue ShutdownNow true
10/8/13 5:09:44 PM - 10: org.apache.uima.adapter.jms.activemq.JmsInputChannel.stopChannel: INFO: Controller: hw2-chenw1-aae Stopped Listener on Endpoint: queue://hw3chenw1NLPQueue Selector:  Selector:Command=2000 OR Command=2002. 
10/8/13 5:09:44 PM - 10: org.apache.uima.adapter.jms.activemq.JmsInputChannel.stopChannel: INFO: Stopping Service JMS Transport. Service: hw3chenw1NLPQueue ShutdownNow true
10/8/13 5:09:44 PM - 12: org.apache.uima.adapter.jms.activemq.UimaDefaultMessageListenerContainer$3.destroy: WARNING: 
org.springframework.jms.listener.AbstractJmsListeningContainer$SharedConnectionNotInitializedException: This listener container's shared Connection has not been initialized yet
	at org.springframework.jms.listener.AbstractJmsListeningContainer.getSharedConnection(AbstractJmsListeningContainer.java:483)
	at org.apache.uima.adapter.jms.activemq.UimaDefaultMessageListenerContainer.access$2000(UimaDefaultMessageListenerContainer.java:69)
	at org.apache.uima.adapter.jms.activemq.UimaDefaultMessageListenerContainer$3.run(UimaDefaultMessageListenerContainer.java:1010)

10/8/13 5:09:44 PM - 10: org.apache.uima.adapter.jms.activemq.JmsInputChannel.stopChannel: INFO: Controller: hw2-chenw1-aae Stopped Listener on Endpoint: queue://hw3chenw1NLPQueue Selector:  Selector:Command=2001. 
10/8/13 5:09:44 PM - 10: org.apache.uima.aae.controller.PrimitiveAnalysisEngineController_impl.stop: INFO: Stopping Controller: hw2-chenw1-aae
10/8/13 5:09:44 PM - 13: org.apache.uima.adapter.jms.activemq.UimaDefaultMessageListenerContainer$3.destroy: WARNING: 
org.springframework.jms.listener.AbstractJmsListeningContainer$SharedConnectionNotInitializedException: This listener container's shared Connection has not been initialized yet
	at org.springframework.jms.listener.AbstractJmsListeningContainer.getSharedConnection(AbstractJmsListeningContainer.java:483)
	at org.apache.uima.adapter.jms.activemq.UimaDefaultMessageListenerContainer.access$2000(UimaDefaultMessageListenerContainer.java:69)
	at org.apache.uima.adapter.jms.activemq.UimaDefaultMessageListenerContainer$3.run(UimaDefaultMessageListenerContainer.java:1010)

10/8/13 5:09:44 PM - 10: org.apache.uima.adapter.jms.activemq.JmsOutputChannel.stop: INFO: Controller: hw3chenw1NLPQueue Output Channel Shutdown Completed
10/8/13 5:09:44 PM - 10: org.apache.uima.aae.controller.PrimitiveAnalysisEngineController_impl.stop: INFO: Controller: hw2-chenw1-aae has stopped
10/8/13 5:09:44 PM - 10: org.apache.uima.adapter.jms.activemq.SpringContainerDeployer.deploy: WARNING: 
org.apache.uima.resource.ResourceInitializationException: An import could not be resolved.  No .xml file with name "org.cleartk.ne.type.NamedEntity" was found in the class path or data path. (Descriptor: file:/home/yicaoyimu/13FALL/11791/hw3/hw3-chenw1/src/main/resources/descriptors/AnnotationAnnotator.xml)
	at org.apache.uima.adapter.jms.activemq.SpringContainerDeployer.waitForServiceNotification(SpringContainerDeployer.java:516)
	at org.apache.uima.adapter.jms.activemq.SpringContainerDeployer.initializeContainer(SpringContainerDeployer.java:301)
	at org.apache.uima.adapter.jms.activemq.SpringContainerDeployer.deploy(SpringContainerDeployer.java:461)
	at org.apache.uima.adapter.jms.service.UIMA_Service.deploy(UIMA_Service.java:168)
	at org.apache.uima.adapter.jms.service.UIMA_Service.main(UIMA_Service.java:414)
	at sun.reflect.NativeMethodAccessorImpl.invoke0(Native Method)
	at sun.reflect.NativeMethodAccessorImpl.invoke(NativeMethodAccessorImpl.java:39)
	at sun.reflect.DelegatingMethodAccessorImpl.invoke(DelegatingMethodAccessorImpl.java:25)
	at java.lang.reflect.Method.invoke(Method.java:597)
	at org.apache.uima.bootstrap.UimaBootstrap.main(UimaBootstrap.java:98)
Caused by: org.apache.uima.resource.ResourceInitializationException: An import could not be resolved.  No .xml file with name "org.cleartk.ne.type.NamedEntity" was found in the class path or data path. (Descriptor: file:/home/yicaoyimu/13FALL/11791/hw3/hw3-chenw1/src/main/resources/descriptors/AnnotationAnnotator.xml)
	at org.apache.uima.analysis_engine.impl.AggregateAnalysisEngine_impl.initialize(AggregateAnalysisEngine_impl.java:159)
	at org.apache.uima.impl.AnalysisEngineFactory_impl.produceResource(AnalysisEngineFactory_impl.java:94)
	at org.apache.uima.impl.CompositeResourceFactory_impl.produceResource(CompositeResourceFactory_impl.java:62)
	at org.apache.uima.UIMAFramework.produceResource(UIMAFramework.java:269)
	at org.apache.uima.UIMAFramework.produceAnalysisEngine(UIMAFramework.java:387)
	at org.apache.uima.aae.controller.PrimitiveAnalysisEngineController_impl.initializeAnalysisEngine(PrimitiveAnalysisEngineController_impl.java:186)
	at org.apache.uima.aae.UimaAsThreadFactory$1.run(UimaAsThreadFactory.java:114)
	at java.lang.Thread.run(Thread.java:662)
Caused by: org.apache.uima.util.InvalidXMLException: An import could not be resolved.  No .xml file with name "org.cleartk.ne.type.NamedEntity" was found in the class path or data path. (Descriptor: file:/home/yicaoyimu/13FALL/11791/hw3/hw3-chenw1/src/main/resources/descriptors/AnnotationAnnotator.xml)
	at org.apache.uima.resource.metadata.impl.Import_impl.findAbsoluteUrl(Import_impl.java:107)
	at org.apache.uima.resource.metadata.impl.TypeSystemDescription_impl.resolveImports(TypeSystemDescription_impl.java:225)
	at org.apache.uima.resource.metadata.impl.TypeSystemDescription_impl.resolveImports(TypeSystemDescription_impl.java:207)
	at org.apache.uima.analysis_engine.metadata.impl.AnalysisEngineMetaData_impl.resolveImports(AnalysisEngineMetaData_impl.java:87)
	at org.apache.uima.analysis_engine.impl.AnalysisEngineDescription_impl.resolveImports(AnalysisEngineDescription_impl.java:741)
	at org.apache.uima.analysis_engine.impl.AnalysisEngineDescription_impl.resolveDelegateAnalysisEngineImports(AnalysisEngineDescription_impl.java:827)
	at org.apache.uima.analysis_engine.impl.AnalysisEngineDescription_impl.resolveDelegateAnalysisEngineImports(AnalysisEngineDescription_impl.java:765)
	at org.apache.uima.analysis_engine.impl.AnalysisEngineDescription_impl.getDelegateAnalysisEngineSpecifiers(AnalysisEngineDescription_impl.java:193)
	at org.apache.uima.analysis_engine.impl.AggregateAnalysisEngine_impl.initialize(AggregateAnalysisEngine_impl.java:147)
	... 7 more

10/8/13 5:09:44 PM - 10: org.apache.uima.adapter.jms.service.UIMA_Service.main: WARNING: 
org.apache.uima.resource.ResourceInitializationException: An import could not be resolved.  No .xml file with name "org.cleartk.ne.type.NamedEntity" was found in the class path or data path. (Descriptor: file:/home/yicaoyimu/13FALL/11791/hw3/hw3-chenw1/src/main/resources/descriptors/AnnotationAnnotator.xml)
	at org.apache.uima.adapter.jms.activemq.SpringContainerDeployer.waitForServiceNotification(SpringContainerDeployer.java:516)
	at org.apache.uima.adapter.jms.activemq.SpringContainerDeployer.initializeContainer(SpringContainerDeployer.java:301)
	at org.apache.uima.adapter.jms.activemq.SpringContainerDeployer.deploy(SpringContainerDeployer.java:461)
	at org.apache.uima.adapter.jms.service.UIMA_Service.deploy(UIMA_Service.java:168)
	at org.apache.uima.adapter.jms.service.UIMA_Service.main(UIMA_Service.java:414)
	at sun.reflect.NativeMethodAccessorImpl.invoke0(Native Method)
	at sun.reflect.NativeMethodAccessorImpl.invoke(NativeMethodAccessorImpl.java:39)
	at sun.reflect.DelegatingMethodAccessorImpl.invoke(DelegatingMethodAccessorImpl.java:25)
	at java.lang.reflect.Method.invoke(Method.java:597)
	at org.apache.uima.bootstrap.UimaBootstrap.main(UimaBootstrap.java:98)
Caused by: org.apache.uima.resource.ResourceInitializationException: An import could not be resolved.  No .xml file with name "org.cleartk.ne.type.NamedEntity" was found in the class path or data path. (Descriptor: file:/home/yicaoyimu/13FALL/11791/hw3/hw3-chenw1/src/main/resources/descriptors/AnnotationAnnotator.xml)
	at org.apache.uima.analysis_engine.impl.AggregateAnalysisEngine_impl.initialize(AggregateAnalysisEngine_impl.java:159)
	at org.apache.uima.impl.AnalysisEngineFactory_impl.produceResource(AnalysisEngineFactory_impl.java:94)
	at org.apache.uima.impl.CompositeResourceFactory_impl.produceResource(CompositeResourceFactory_impl.java:62)
	at org.apache.uima.UIMAFramework.produceResource(UIMAFramework.java:269)
	at org.apache.uima.UIMAFramework.produceAnalysisEngine(UIMAFramework.java:387)
	at org.apache.uima.aae.controller.PrimitiveAnalysisEngineController_impl.initializeAnalysisEngine(PrimitiveAnalysisEngineController_impl.java:186)
	at org.apache.uima.aae.UimaAsThreadFactory$1.run(UimaAsThreadFactory.java:114)
	at java.lang.Thread.run(Thread.java:662)
Caused by: org.apache.uima.util.InvalidXMLException: An import could not be resolved.  No .xml file with name "org.cleartk.ne.type.NamedEntity" was found in the class path or data path. (Descriptor: file:/home/yicaoyimu/13FALL/11791/hw3/hw3-chenw1/src/main/resources/descriptors/AnnotationAnnotator.xml)
	at org.apache.uima.resource.metadata.impl.Import_impl.findAbsoluteUrl(Import_impl.java:107)
	at org.apache.uima.resource.metadata.impl.TypeSystemDescription_impl.resolveImports(TypeSystemDescription_impl.java:225)
	at org.apache.uima.resource.metadata.impl.TypeSystemDescription_impl.resolveImports(TypeSystemDescription_impl.java:207)
	at org.apache.uima.analysis_engine.metadata.impl.AnalysisEngineMetaData_impl.resolveImports(AnalysisEngineMetaData_impl.java:87)
	at org.apache.uima.analysis_engine.impl.AnalysisEngineDescription_impl.resolveImports(AnalysisEngineDescription_impl.java:741)
	at org.apache.uima.analysis_engine.impl.AnalysisEngineDescription_impl.resolveDelegateAnalysisEngineImports(AnalysisEngineDescription_impl.java:827)
	at org.apache.uima.analysis_engine.impl.AnalysisEngineDescription_impl.resolveDelegateAnalysisEngineImports(AnalysisEngineDescription_impl.java:765)
	at org.apache.uima.analysis_engine.impl.AnalysisEngineDescription_impl.getDelegateAnalysisEngineSpecifiers(AnalysisEngineDescription_impl.java:193)
	at org.apache.uima.analysis_engine.impl.AggregateAnalysisEngine_impl.initialize(AggregateAnalysisEngine_impl.java:147)
	... 7 more

